
> react-kavia@0.1.0 start
> react-scripts start

(node:555) [DEP_WEBPACK_DEV_SERVER_ON_AFTER_SETUP_MIDDLEWARE] DeprecationWarning: 'onAfterSetupMiddleware' option is deprecated. Please use the 'setupMiddlewares' option.
(Use `node --trace-deprecation ...` to show where the warning was created)
(node:555) [DEP_WEBPACK_DEV_SERVER_ON_BEFORE_SETUP_MIDDLEWARE] DeprecationWarning: 'onBeforeSetupMiddleware' option is deprecated. Please use the 'setupMiddlewares' option.
Starting the development server...

Compiled successfully!

You can now view react-kavia in the browser.

  Local:            http://localhost:3000
  On Your Network:  http://172.17.0.2:3000

Note that the development build is not optimized.
To create a production build, use npm run build.

webpack compiled successfully
Compiling...
Failed to compile.

[eslint] 
src/data/mockMatchData.js
Syntax error: Unexpected token, expected "," (170:37) (170:37)
WARNING in [eslint] 
src/utils/matchUtils.js
  Line 218:9:  'isServe' is assigned a value but never used  no-unused-vars

ERROR in ./src/data/mockMatchData.js
Module build failed (from ./node_modules/babel-loader/lib/index.js):
SyntaxError: /home/kavia/workspace/code-generation/tennispulse-immersive-match-ui-9615-9622/main_container_for_tennispulse/src/data/mockMatchData.js: Unexpected token, expected "," (170:37)

  168 |     {
  169 |       time: '2:44 PM',
> 170 |       content: 'Deuce after Djokovic's backhand down the line.',
      |                                      ^
  171 |       type: 'winner',
  172 |       important: false
  173 |     },
    at constructor (/home/kavia/workspace/code-generation/tennispulse-immersive-match-ui-9615-9622/main_container_for_tennispulse/node_modules/@babel/parser/lib/index.js:360:19)
    at FlowParserMixin.raise (/home/kavia/workspace/code-generation/tennispulse-immersive-match-ui-9615-9622/main_container_for_tennispulse/node_modules/@babel/parser/lib/index.js:3327:19)
    at FlowParserMixin.unexpected (/home/kavia/workspace/code-generation/tennispulse-immersive-match-ui-9615-9622/main_container_for_tennispulse/node_modules/@babel/parser/lib/index.js:3347:16)
    at FlowParserMixin.expect (/home/kavia/workspace/code-generation/tennispulse-immersive-match-ui-9615-9622/main_container_for_tennispulse/node_modules/@babel/parser/lib/index.js:3657:12)
    at FlowParserMixin.parseObjectLike (/home/kavia/workspace/code-generation/tennispulse-immersive-match-ui-9615-9622/main_container_for_tennispulse/node_modules/@babel/parser/lib/index.js:11506:14)
    at FlowParserMixin.parseExprAtom (/home/kavia/workspace/code-generation/tennispulse-immersive-match-ui-9615-9622/main_container_for_tennispulse/node_modules/@babel/parser/lib/index.js:11024:23)
    at FlowParserMixin.parseExprAtom (/home/kavia/workspace/code-generation/tennispulse-immersive-match-ui-9615-9622/main_container_for_tennispulse/node_modules/@babel/parser/lib/index.js:6937:20)
    at FlowParserMixin.parseExprSubscripts (/home/kavia/workspace/code-generation/tennispulse-immersive-match-ui-9615-9622/main_container_for_tennispulse/node_modules/@babel/parser/lib/index.js:10758:23)
    at FlowParserMixin.parseUpdate (/home/kavia/workspace/code-generation/tennispulse-immersive-match-ui-9615-9622/main_container_for_tennispulse/node_modules/@babel/parser/lib/index.js:10743:21)
    at FlowParserMixin.parseMaybeUnary (/home/kavia/workspace/code-generation/tennispulse-immersive-match-ui-9615-9622/main_container_for_tennispulse/node_modules/@babel/parser/lib/index.js:10723:23)
    at FlowParserMixin.parseMaybeUnaryOrPrivate (/home/kavia/workspace/code-generation/tennispulse-immersive-match-ui-9615-9622/main_container_for_tennispulse/node_modules/@babel/parser/lib/index.js:10576:61)
    at FlowParserMixin.parseExprOps (/home/kavia/workspace/code-generation/tennispulse-immersive-match-ui-9615-9622/main_container_for_tennispulse/node_modules/@babel/parser/lib/index.js:10581:23)
    at FlowParserMixin.parseMaybeConditional (/home/kavia/workspace/code-generation/tennispulse-immersive-match-ui-9615-9622/main_container_for_tennispulse/node_modules/@babel/parser/lib/index.js:10558:23)
    at FlowParserMixin.parseMaybeAssign (/home/kavia/workspace/code-generation/tennispulse-immersive-match-ui-9615-9622/main_container_for_tennispulse/node_modules/@babel/parser/lib/index.js:10521:21)
    at FlowParserMixin.parseMaybeAssign (/home/kavia/workspace/code-generation/tennispulse-immersive-match-ui-9615-9622/main_container_for_tennispulse/node_modules/@babel/parser/lib/index.js:5773:18)
    at /home/kavia/workspace/code-generation/tennispulse-immersive-match-ui-9615-9622/main_container_for_tennispulse/node_modules/@babel/parser/lib/index.js:10491:39
    at FlowParserMixin.allowInAnd (/home/kavia/workspace/code-generation/tennispulse-immersive-match-ui-9615-9622/main_container_for_tennispulse/node_modules/@babel/parser/lib/index.js:12100:12)
    at FlowParserMixin.parseMaybeAssignAllowIn (/home/kavia/workspace/code-generation/tennispulse-immersive-match-ui-9615-9622/main_container_for_tennispulse/node_modules/@babel/parser/lib/index.js:10491:17)
    at FlowParserMixin.parseExprListItem (/home/kavia/workspace/code-generation/tennispulse-immersive-match-ui-9615-9622/main_container_for_tennispulse/node_modules/@babel/parser/lib/index.js:11858:18)
    at FlowParserMixin.parseExprList (/home/kavia/workspace/code-generation/tennispulse-immersive-match-ui-9615-9622/main_container_for_tennispulse/node_modules/@babel/parser/lib/index.js:11833:22)
    at FlowParserMixin.parseArrayLike (/home/kavia/workspace/code-generation/tennispulse-immersive-match-ui-9615-9622/main_container_for_tennispulse/node_modules/@babel/parser/lib/index.js:11740:26)
    at FlowParserMixin.parseArrayLike (/home/kavia/workspace/code-generation/tennispulse-immersive-match-ui-9615-9622/main_container_for_tennispulse/node_modules/@babel/parser/lib/index.js:5455:24)
    at FlowParserMixin.parseExprAtom (/home/kavia/workspace/code-generation/tennispulse-immersive-match-ui-9615-9622/main_container_for_tennispulse/node_modules/@babel/parser/lib/index.js:11015:23)
    at FlowParserMixin.parseExprAtom (/home/kavia/workspace/code-generation/tennispulse-immersive-match-ui-9615-9622/main_container_for_tennispulse/node_modules/@babel/parser/lib/index.js:6937:20)
    at FlowParserMixin.parseExprSubscripts (/home/kavia/workspace/code-generation/tennispulse-immersive-match-ui-9615-9622/main_container_for_tennispulse/node_modules/@babel/parser/lib/index.js:10758:23)
    at FlowParserMixin.parseUpdate (/home/kavia/workspace/code-generation/tennispulse-immersive-match-ui-9615-9622/main_container_for_tennispulse/node_modules/@babel/parser/lib/index.js:10743:21)
    at FlowParserMixin.parseMaybeUnary (/home/kavia/workspace/code-generation/tennispulse-immersive-match-ui-9615-9622/main_container_for_tennispulse/node_modules/@babel/parser/lib/index.js:10723:23)
    at FlowParserMixin.parseMaybeUnaryOrPrivate (/home/kavia/workspace/code-generation/tennispulse-immersive-match-ui-9615-9622/main_container_for_tennispulse/node_modules/@babel/parser/lib/index.js:10576:61)
    at FlowParserMixin.parseExprOps (/home/kavia/workspace/code-generation/tennispulse-immersive-match-ui-9615-9622/main_container_for_tennispulse/node_modules/@babel/parser/lib/index.js:10581:23)
    at FlowParserMixin.parseMaybeConditional (/home/kavia/workspace/code-generation/tennispulse-immersive-match-ui-9615-9622/main_container_for_tennispulse/node_modules/@babel/parser/lib/index.js:10558:23)
    at FlowParserMixin.parseMaybeAssign (/home/kavia/workspace/code-generation/tennispulse-immersive-match-ui-9615-9622/main_container_for_tennispulse/node_modules/@babel/parser/lib/index.js:10521:21)
    at FlowParserMixin.parseMaybeAssign (/home/kavia/workspace/code-generation/tennispulse-immersive-match-ui-9615-9622/main_container_for_tennispulse/node_modules/@babel/parser/lib/index.js:5773:18)
    at /home/kavia/workspace/code-generation/tennispulse-immersive-match-ui-9615-9622/main_container_for_tennispulse/node_modules/@babel/parser/lib/index.js:10491:39
    at FlowParserMixin.allowInAnd (/home/kavia/workspace/code-generation/tennispulse-immersive-match-ui-9615-9622/main_container_for_tennispulse/node_modules/@babel/parser/lib/index.js:12100:12)
    at FlowParserMixin.parseMaybeAssignAllowIn (/home/kavia/workspace/code-generation/tennispulse-immersive-match-ui-9615-9622/main_container_for_tennispulse/node_modules/@babel/parser/lib/index.js:10491:17)
    at FlowParserMixin.parseObjectProperty (/home/kavia/workspace/code-generation/tennispulse-immersive-match-ui-9615-9622/main_container_for_tennispulse/node_modules/@babel/parser/lib/index.js:11636:83)
    at FlowParserMixin.parseObjPropValue (/home/kavia/workspace/code-generation/tennispulse-immersive-match-ui-9615-9622/main_container_for_tennispulse/node_modules/@babel/parser/lib/index.js:11661:100)
    at FlowParserMixin.parseObjPropValue (/home/kavia/workspace/code-generation/tennispulse-immersive-match-ui-9615-9622/main_container_for_tennispulse/node_modules/@babel/parser/lib/index.js:5563:26)
    at FlowParserMixin.parsePropertyDefinition (/home/kavia/workspace/code-generation/tennispulse-immersive-match-ui-9615-9622/main_container_for_tennispulse/node_modules/@babel/parser/lib/index.js:11601:17)
    at FlowParserMixin.parseObjectLike (/home/kavia/workspace/code-generation/tennispulse-immersive-match-ui-9615-9622/main_container_for_tennispulse/node_modules/@babel/parser/lib/index.js:11516:21)
    at FlowParserMixin.parseExprAtom (/home/kavia/workspace/code-generation/tennispulse-immersive-match-ui-9615-9622/main_container_for_tennispulse/node_modules/@babel/parser/lib/index.js:11024:23)
    at FlowParserMixin.parseExprAtom (/home/kavia/workspace/code-generation/tennispulse-immersive-match-ui-9615-9622/main_container_for_tennispulse/node_modules/@babel/parser/lib/index.js:6937:20)
    at FlowParserMixin.parseExprSubscripts (/home/kavia/workspace/code-generation/tennispulse-immersive-match-ui-9615-9622/main_container_for_tennispulse/node_modules/@babel/parser/lib/index.js:10758:23)
    at FlowParserMixin.parseUpdate (/home/kavia/workspace/code-generation/tennispulse-immersive-match-ui-9615-9622/main_container_for_tennispulse/node_modules/@babel/parser/lib/index.js:10743:21)
    at FlowParserMixin.parseMaybeUnary (/home/kavia/workspace/code-generation/tennispulse-immersive-match-ui-9615-9622/main_container_for_tennispulse/node_modules/@babel/parser/lib/index.js:10723:23)
    at FlowParserMixin.parseMaybeUnaryOrPrivate (/home/kavia/workspace/code-generation/tennispulse-immersive-match-ui-9615-9622/main_container_for_tennispulse/node_modules/@babel/parser/lib/index.js:10576:61)
    at FlowParserMixin.parseExprOps (/home/kavia/workspace/code-generation/tennispulse-immersive-match-ui-9615-9622/main_container_for_tennispulse/node_modules/@babel/parser/lib/index.js:10581:23)
    at FlowParserMixin.parseMaybeConditional (/home/kavia/workspace/code-generation/tennispulse-immersive-match-ui-9615-9622/main_container_for_tennispulse/node_modules/@babel/parser/lib/index.js:10558:23)
    at FlowParserMixin.parseMaybeAssign (/home/kavia/workspace/code-generation/tennispulse-immersive-match-ui-9615-9622/main_container_for_tennispulse/node_modules/@babel/parser/lib/index.js:10521:21)
    at FlowParserMixin.parseMaybeAssign (/home/kavia/workspace/code-generation/tennispulse-immersive-match-ui-9615-9622/main_container_for_tennispulse/node_modules/@babel/parser/lib/index.js:5773:18)

ERROR in [eslint] 
src/data/mockMatchData.js
  Line 170:37:  Parsing error: Unexpected token, expected "," (170:37)

webpack compiled with 2 errors and 1 warning
Compiling...
Failed to compile.

[eslint] 
src/data/mockMatchData.js
Syntax error: Unexpected token, expected "," (170:37) (170:37)
WARNING in [eslint] 
src/utils/matchUtils.js
  Line 218:9:  'isServe' is assigned a value but never used  no-unused-vars

ERROR in ./src/data/mockMatchData.js
Module build failed (from ./node_modules/babel-loader/lib/index.js):
SyntaxError: /home/kavia/workspace/code-generation/tennispulse-immersive-match-ui-9615-9622/main_container_for_tennispulse/src/data/mockMatchData.js: Unexpected token, expected "," (170:37)

  168 |     {
  169 |       time: '2:44 PM',
> 170 |       content: 'Deuce after Djokovic's backhand down the line.',
      |                                      ^
  171 |       type: 'winner',
  172 |       important: false
  173 |     },
    at constructor (/home/kavia/workspace/code-generation/tennispulse-immersive-match-ui-9615-9622/main_container_for_tennispulse/node_modules/@babel/parser/lib/index.js:360:19)
    at FlowParserMixin.raise (/home/kavia/workspace/code-generation/tennispulse-immersive-match-ui-9615-9622/main_container_for_tennispulse/node_modules/@babel/parser/lib/index.js:3327:19)
    at FlowParserMixin.unexpected (/home/kavia/workspace/code-generation/tennispulse-immersive-match-ui-9615-9622/main_container_for_tennispulse/node_modules/@babel/parser/lib/index.js:3347:16)
    at FlowParserMixin.expect (/home/kavia/workspace/code-generation/tennispulse-immersive-match-ui-9615-9622/main_container_for_tennispulse/node_modules/@babel/parser/lib/index.js:3657:12)
    at FlowParserMixin.parseObjectLike (/home/kavia/workspace/code-generation/tennispulse-immersive-match-ui-9615-9622/main_container_for_tennispulse/node_modules/@babel/parser/lib/index.js:11506:14)
    at FlowParserMixin.parseExprAtom (/home/kavia/workspace/code-generation/tennispulse-immersive-match-ui-9615-9622/main_container_for_tennispulse/node_modules/@babel/parser/lib/index.js:11024:23)
    at FlowParserMixin.parseExprAtom (/home/kavia/workspace/code-generation/tennispulse-immersive-match-ui-9615-9622/main_container_for_tennispulse/node_modules/@babel/parser/lib/index.js:6937:20)
    at FlowParserMixin.parseExprSubscripts (/home/kavia/workspace/code-generation/tennispulse-immersive-match-ui-9615-9622/main_container_for_tennispulse/node_modules/@babel/parser/lib/index.js:10758:23)
    at FlowParserMixin.parseUpdate (/home/kavia/workspace/code-generation/tennispulse-immersive-match-ui-9615-9622/main_container_for_tennispulse/node_modules/@babel/parser/lib/index.js:10743:21)
    at FlowParserMixin.parseMaybeUnary (/home/kavia/workspace/code-generation/tennispulse-immersive-match-ui-9615-9622/main_container_for_tennispulse/node_modules/@babel/parser/lib/index.js:10723:23)
    at FlowParserMixin.parseMaybeUnaryOrPrivate (/home/kavia/workspace/code-generation/tennispulse-immersive-match-ui-9615-9622/main_container_for_tennispulse/node_modules/@babel/parser/lib/index.js:10576:61)
    at FlowParserMixin.parseExprOps (/home/kavia/workspace/code-generation/tennispulse-immersive-match-ui-9615-9622/main_container_for_tennispulse/node_modules/@babel/parser/lib/index.js:10581:23)
    at FlowParserMixin.parseMaybeConditional (/home/kavia/workspace/code-generation/tennispulse-immersive-match-ui-9615-9622/main_container_for_tennispulse/node_modules/@babel/parser/lib/index.js:10558:23)
    at FlowParserMixin.parseMaybeAssign (/home/kavia/workspace/code-generation/tennispulse-immersive-match-ui-9615-9622/main_container_for_tennispulse/node_modules/@babel/parser/lib/index.js:10521:21)
    at FlowParserMixin.parseMaybeAssign (/home/kavia/workspace/code-generation/tennispulse-immersive-match-ui-9615-9622/main_container_for_tennispulse/node_modules/@babel/parser/lib/index.js:5773:18)
    at /home/kavia/workspace/code-generation/tennispulse-immersive-match-ui-9615-9622/main_container_for_tennispulse/node_modules/@babel/parser/lib/index.js:10491:39
    at FlowParserMixin.allowInAnd (/home/kavia/workspace/code-generation/tennispulse-immersive-match-ui-9615-9622/main_container_for_tennispulse/node_modules/@babel/parser/lib/index.js:12100:12)
    at FlowParserMixin.parseMaybeAssignAllowIn (/home/kavia/workspace/code-generation/tennispulse-immersive-match-ui-9615-9622/main_container_for_tennispulse/node_modules/@babel/parser/lib/index.js:10491:17)
    at FlowParserMixin.parseExprListItem (/home/kavia/workspace/code-generation/tennispulse-immersive-match-ui-9615-9622/main_container_for_tennispulse/node_modules/@babel/parser/lib/index.js:11858:18)
    at FlowParserMixin.parseExprList (/home/kavia/workspace/code-generation/tennispulse-immersive-match-ui-9615-9622/main_container_for_tennispulse/node_modules/@babel/parser/lib/index.js:11833:22)
    at FlowParserMixin.parseArrayLike (/home/kavia/workspace/code-generation/tennispulse-immersive-match-ui-9615-9622/main_container_for_tennispulse/node_modules/@babel/parser/lib/index.js:11740:26)
    at FlowParserMixin.parseArrayLike (/home/kavia/workspace/code-generation/tennispulse-immersive-match-ui-9615-9622/main_container_for_tennispulse/node_modules/@babel/parser/lib/index.js:5455:24)
    at FlowParserMixin.parseExprAtom (/home/kavia/workspace/code-generation/tennispulse-immersive-match-ui-9615-9622/main_container_for_tennispulse/node_modules/@babel/parser/lib/index.js:11015:23)
    at FlowParserMixin.parseExprAtom (/home/kavia/workspace/code-generation/tennispulse-immersive-match-ui-9615-9622/main_container_for_tennispulse/node_modules/@babel/parser/lib/index.js:6937:20)
    at FlowParserMixin.parseExprSubscripts (/home/kavia/workspace/code-generation/tennispulse-immersive-match-ui-9615-9622/main_container_for_tennispulse/node_modules/@babel/parser/lib/index.js:10758:23)
    at FlowParserMixin.parseUpdate (/home/kavia/workspace/code-generation/tennispulse-immersive-match-ui-9615-9622/main_container_for_tennispulse/node_modules/@babel/parser/lib/index.js:10743:21)
    at FlowParserMixin.parseMaybeUnary (/home/kavia/workspace/code-generation/tennispulse-immersive-match-ui-9615-9622/main_container_for_tennispulse/node_modules/@babel/parser/lib/index.js:10723:23)
    at FlowParserMixin.parseMaybeUnaryOrPrivate (/home/kavia/workspace/code-generation/tennispulse-immersive-match-ui-9615-9622/main_container_for_tennispulse/node_modules/@babel/parser/lib/index.js:10576:61)
    at FlowParserMixin.parseExprOps (/home/kavia/workspace/code-generation/tennispulse-immersive-match-ui-9615-9622/main_container_for_tennispulse/node_modules/@babel/parser/lib/index.js:10581:23)
    at FlowParserMixin.parseMaybeConditional (/home/kavia/workspace/code-generation/tennispulse-immersive-match-ui-9615-9622/main_container_for_tennispulse/node_modules/@babel/parser/lib/index.js:10558:23)
    at FlowParserMixin.parseMaybeAssign (/home/kavia/workspace/code-generation/tennispulse-immersive-match-ui-9615-9622/main_container_for_tennispulse/node_modules/@babel/parser/lib/index.js:10521:21)
    at FlowParserMixin.parseMaybeAssign (/home/kavia/workspace/code-generation/tennispulse-immersive-match-ui-9615-9622/main_container_for_tennispulse/node_modules/@babel/parser/lib/index.js:5773:18)
    at /home/kavia/workspace/code-generation/tennispulse-immersive-match-ui-9615-9622/main_container_for_tennispulse/node_modules/@babel/parser/lib/index.js:10491:39
    at FlowParserMixin.allowInAnd (/home/kavia/workspace/code-generation/tennispulse-immersive-match-ui-9615-9622/main_container_for_tennispulse/node_modules/@babel/parser/lib/index.js:12100:12)
    at FlowParserMixin.parseMaybeAssignAllowIn (/home/kavia/workspace/code-generation/tennispulse-immersive-match-ui-9615-9622/main_container_for_tennispulse/node_modules/@babel/parser/lib/index.js:10491:17)
    at FlowParserMixin.parseObjectProperty (/home/kavia/workspace/code-generation/tennispulse-immersive-match-ui-9615-9622/main_container_for_tennispulse/node_modules/@babel/parser/lib/index.js:11636:83)
    at FlowParserMixin.parseObjPropValue (/home/kavia/workspace/code-generation/tennispulse-immersive-match-ui-9615-9622/main_container_for_tennispulse/node_modules/@babel/parser/lib/index.js:11661:100)
    at FlowParserMixin.parseObjPropValue (/home/kavia/workspace/code-generation/tennispulse-immersive-match-ui-9615-9622/main_container_for_tennispulse/node_modules/@babel/parser/lib/index.js:5563:26)
    at FlowParserMixin.parsePropertyDefinition (/home/kavia/workspace/code-generation/tennispulse-immersive-match-ui-9615-9622/main_container_for_tennispulse/node_modules/@babel/parser/lib/index.js:11601:17)
    at FlowParserMixin.parseObjectLike (/home/kavia/workspace/code-generation/tennispulse-immersive-match-ui-9615-9622/main_container_for_tennispulse/node_modules/@babel/parser/lib/index.js:11516:21)
    at FlowParserMixin.parseExprAtom (/home/kavia/workspace/code-generation/tennispulse-immersive-match-ui-9615-9622/main_container_for_tennispulse/node_modules/@babel/parser/lib/index.js:11024:23)
    at FlowParserMixin.parseExprAtom (/home/kavia/workspace/code-generation/tennispulse-immersive-match-ui-9615-9622/main_container_for_tennispulse/node_modules/@babel/parser/lib/index.js:6937:20)
    at FlowParserMixin.parseExprSubscripts (/home/kavia/workspace/code-generation/tennispulse-immersive-match-ui-9615-9622/main_container_for_tennispulse/node_modules/@babel/parser/lib/index.js:10758:23)
    at FlowParserMixin.parseUpdate (/home/kavia/workspace/code-generation/tennispulse-immersive-match-ui-9615-9622/main_container_for_tennispulse/node_modules/@babel/parser/lib/index.js:10743:21)
    at FlowParserMixin.parseMaybeUnary (/home/kavia/workspace/code-generation/tennispulse-immersive-match-ui-9615-9622/main_container_for_tennispulse/node_modules/@babel/parser/lib/index.js:10723:23)
    at FlowParserMixin.parseMaybeUnaryOrPrivate (/home/kavia/workspace/code-generation/tennispulse-immersive-match-ui-9615-9622/main_container_for_tennispulse/node_modules/@babel/parser/lib/index.js:10576:61)
    at FlowParserMixin.parseExprOps (/home/kavia/workspace/code-generation/tennispulse-immersive-match-ui-9615-9622/main_container_for_tennispulse/node_modules/@babel/parser/lib/index.js:10581:23)
    at FlowParserMixin.parseMaybeConditional (/home/kavia/workspace/code-generation/tennispulse-immersive-match-ui-9615-9622/main_container_for_tennispulse/node_modules/@babel/parser/lib/index.js:10558:23)
    at FlowParserMixin.parseMaybeAssign (/home/kavia/workspace/code-generation/tennispulse-immersive-match-ui-9615-9622/main_container_for_tennispulse/node_modules/@babel/parser/lib/index.js:10521:21)
    at FlowParserMixin.parseMaybeAssign (/home/kavia/workspace/code-generation/tennispulse-immersive-match-ui-9615-9622/main_container_for_tennispulse/node_modules/@babel/parser/lib/index.js:5773:18)

ERROR in [eslint] 
src/data/mockMatchData.js
  Line 170:37:  Parsing error: Unexpected token, expected "," (170:37)

webpack compiled with 2 errors and 1 warning
Compiling...
Compiled with warnings.

[eslint] 
src/utils/matchUtils.js
  Line 218:9:  'isServe' is assigned a value but never used  no-unused-vars

Search for the keywords to learn more about each warning.
To ignore, add // eslint-disable-next-line to the line before.

WARNING in [eslint] 
src/utils/matchUtils.js
  Line 218:9:  'isServe' is assigned a value but never used  no-unused-vars

webpack compiled with 1 warning
